#
# There is insufficient memory for the Java Runtime Environment to continue.
# Native memory allocation (mmap) failed to map 65536 bytes for Failed to commit metaspace.
# Possible reasons:
#   The system is out of physical RAM or swap space
#   The process is running with CompressedOops enabled, and the Java Heap may be blocking the growth of the native heap
# Possible solutions:
#   Reduce memory load on the system
#   Increase physical memory or swap space
#   Check if swap backing store is full
#   Decrease Java heap size (-Xmx/-Xms)
#   Decrease number of Java threads
#   Decrease Java thread stack sizes (-Xss)
#   Set larger code cache with -XX:ReservedCodeCacheSize=
#   JVM is running with Unscaled Compressed Oops mode in which the Java heap is
#     placed in the first 4GB address space. The Java Heap base address is the
#     maximum limit for the native heap growth. Please use -XX:HeapBaseMinAddress
#     to set the Java Heap base and to place the Java Heap above 4GB virtual address.
# This output file may be truncated or incomplete.
#
#  Out of Memory Error (virtualSpaceNode.cpp:110), pid=105020, tid=111644
#
# JRE version: OpenJDK Runtime Environment Corretto-17.0.3.6.1 (17.0.3+6) (build 17.0.3+6-LTS)
# Java VM: OpenJDK 64-Bit Server VM Corretto-17.0.3.6.1 (17.0.3+6-LTS, mixed mode, emulated-client, sharing, tiered, compressed oops, compressed class ptrs, g1 gc, windows-amd64)
# No core dump will be written. Minidumps are not enabled by default on client versions of Windows
#

---------------  S U M M A R Y ------------

Command Line: -XX:TieredStopAtLevel=1 -Xverify:none -Dspring.output.ansi.enabled=always -Dcom.sun.management.jmxremote -Dspring.jmx.enabled=true -Dspring.liveBeansView.mbeanDomain -Dspring.application.admin.enabled=true -javaagent:C:\Program Files\JetBrains\IntelliJ IDEA 2022.1\lib\idea_rt.jar=56388:C:\Program Files\JetBrains\IntelliJ IDEA 2022.1\bin -Dfile.encoding=UTF-8 com.cloud.web.WebApplication

Host: AMD Ryzen 5 4500U with Radeon Graphics         , 6 cores, 7G,  Windows 11 , 64 bit Build 22000 (10.0.22000.675)
Time: Sun May 22 00:30:44 2022  Windows 11 , 64 bit Build 22000 (10.0.22000.675) elapsed time: 3.776371 seconds (0d 0h 0m 3s)

---------------  T H R E A D  ---------------

Current thread (0x000002227bda1f00):  JavaThread "restartedMain" [_thread_in_vm, id=111644, stack(0x000000bc6be00000,0x000000bc6bf00000)]

Stack: [0x000000bc6be00000,0x000000bc6bf00000]
Native frames: (J=compiled Java code, j=interpreted, Vv=VM code, C=native code)
V  [jvm.dll+0x645e5a]
V  [jvm.dll+0x7f6fc4]
V  [jvm.dll+0x7f877e]
V  [jvm.dll+0x7f8dd3]
V  [jvm.dll+0x234bb8]
V  [jvm.dll+0x7f309b]
V  [jvm.dll+0x5ed5a6]
V  [jvm.dll+0x1b45ee]
V  [jvm.dll+0x5efdf4]
V  [jvm.dll+0x5edf5d]
V  [jvm.dll+0x35634a]
V  [jvm.dll+0x23d753]
V  [jvm.dll+0x23e94e]
V  [jvm.dll+0x1d59ca]
V  [jvm.dll+0x1d4fea]
V  [jvm.dll+0x513129]
V  [jvm.dll+0x77505c]
V  [jvm.dll+0x775144]
V  [jvm.dll+0x3ee135]
V  [jvm.dll+0x3f3d11]
C  [java.dll+0x17ec]

Java frames: (J=compiled Java code, j=interpreted, Vv=VM code)
J 1044  java.lang.ClassLoader.defineClass1(Ljava/lang/ClassLoader;Ljava/lang/String;[BIILjava/security/ProtectionDomain;Ljava/lang/String;)Ljava/lang/Class; java.base@17.0.3 (0 bytes) @ 0x0000022270f6f063 [0x0000022270f6efa0+0x00000000000000c3]
J 1091 c1 java.lang.ClassLoader.defineClass(Ljava/lang/String;[BIILjava/security/ProtectionDomain;)Ljava/lang/Class; java.base@17.0.3 (43 bytes) @ 0x0000022270f868dc [0x0000022270f867e0+0x00000000000000fc]
J 1048 c1 jdk.internal.loader.BuiltinClassLoader.defineClass(Ljava/lang/String;Ljdk/internal/loader/Resource;)Ljava/lang/Class; java.base@17.0.3 (121 bytes) @ 0x0000022270f74a64 [0x0000022270f745a0+0x00000000000004c4]
J 1046 c1 jdk.internal.loader.BuiltinClassLoader.findClassOnClassPathOrNull(Ljava/lang/String;)Ljava/lang/Class; java.base@17.0.3 (64 bytes) @ 0x0000022270f737b4 [0x0000022270f73500+0x00000000000002b4]
J 953 c1 jdk.internal.loader.BuiltinClassLoader.loadClassOrNull(Ljava/lang/String;Z)Ljava/lang/Class; java.base@17.0.3 (143 bytes) @ 0x0000022270f4aa5c [0x0000022270f4a600+0x000000000000045c]
J 1032 c1 jdk.internal.loader.ClassLoaders$AppClassLoader.loadClass(Ljava/lang/String;Z)Ljava/lang/Class; java.base@17.0.3 (40 bytes) @ 0x0000022270f6be24 [0x0000022270f6bce0+0x0000000000000144]
J 1031 c1 java.lang.ClassLoader.loadClass(Ljava/lang/String;)Ljava/lang/Class; java.base@17.0.3 (7 bytes) @ 0x0000022270f6b9e4 [0x0000022270f6b9a0+0x0000000000000044]
v  ~StubRoutines::call_stub
j  org.springframework.core.log.LogMessage.of(Ljava/util/function/Supplier;)Lorg/springframework/core/log/LogMessage;+0
j  org.springframework.boot.context.config.ConfigDataLoaders.load(Lorg/springframework/boot/context/config/ConfigDataLoaderContext;Lorg/springframework/boot/context/config/ConfigDataResource;)Lorg/springframework/boot/context/config/ConfigData;+18
j  org.springframework.boot.context.config.ConfigDataImporter.load(Lorg/springframework/boot/context/config/ConfigDataLoaderContext;Ljava/util/List;)Ljava/util/Map;+106
j  org.springframework.boot.context.config.ConfigDataImporter.resolveAndLoad(Lorg/springframework/boot/context/config/ConfigDataActivationContext;Lorg/springframework/boot/context/config/ConfigDataLocationResolverContext;Lorg/springframework/boot/context/config/ConfigDataLoaderContext;Ljava/util/List;)Ljava/util/Map;+29
j  org.springframework.boot.context.config.ConfigDataEnvironmentContributors.withProcessedImports(Lorg/springframework/boot/context/config/ConfigDataImporter;Lorg/springframework/boot/context/config/ConfigDataActivationContext;)Lorg/springframework/boot/context/config/ConfigDataEnvironmentContributors;+181
j  org.springframework.boot.context.config.ConfigDataEnvironment.processInitial(Lorg/springframework/boot/context/config/ConfigDataEnvironmentContributors;Lorg/springframework/boot/context/config/ConfigDataImporter;)Lorg/springframework/boot/context/config/ConfigDataEnvironmentContributors;+14
j  org.springframework.boot.context.config.ConfigDataEnvironment.processAndApply()V+42
j  org.springframework.boot.context.config.ConfigDataEnvironmentPostProcessor.postProcessEnvironment(Lorg/springframework/core/env/ConfigurableEnvironment;Lorg/springframework/core/io/ResourceLoader;Ljava/util/Collection;)V+34
j  org.springframework.boot.context.config.ConfigDataEnvironmentPostProcessor.postProcessEnvironment(Lorg/springframework/core/env/ConfigurableEnvironment;Lorg/springframework/boot/SpringApplication;)V+10
j  org.springframework.boot.env.EnvironmentPostProcessorApplicationListener.onApplicationEnvironmentPreparedEvent(Lorg/springframework/boot/context/event/ApplicationEnvironmentPreparedEvent;)V+55
j  org.springframework.boot.env.EnvironmentPostProcessorApplicationListener.onApplicationEvent(Lorg/springframework/context/ApplicationEvent;)V+12
j  org.springframework.context.event.SimpleApplicationEventMulticaster.doInvokeListener(Lorg/springframework/context/ApplicationListener;Lorg/springframework/context/ApplicationEvent;)V+2
j  org.springframework.context.event.SimpleApplicationEventMulticaster.invokeListener(Lorg/springframework/context/ApplicationListener;Lorg/springframework/context/ApplicationEvent;)V+34
j  org.springframework.context.event.SimpleApplicationEventMulticaster.multicastEvent(Lorg/springframework/context/ApplicationEvent;Lorg/springframework/core/ResolvableType;)V+83
j  org.springframework.context.event.SimpleApplicationEventMulticaster.multicastEvent(Lorg/springframework/context/ApplicationEvent;)V+7
j  org.springframework.boot.context.event.EventPublishingRunListener.environmentPrepared(Lorg/springframework/boot/ConfigurableBootstrapContext;Lorg/springframework/core/env/ConfigurableEnvironment;)V+21
j  org.springframework.boot.SpringApplicationRunListeners.lambda$environmentPrepared$2(Lorg/springframework/boot/ConfigurableBootstrapContext;Lorg/springframework/core/env/ConfigurableEnvironment;Lorg/springframework/boot/SpringApplicationRunListener;)V+3
j  org.springframework.boot.SpringApplicationRunListeners$$Lambda$182+0x0000000800dbf5a8.accept(Ljava/lang/Object;)V+12
j  java.util.ArrayList.forEach(Ljava/util/function/Consumer;)V+46 java.base@17.0.3
j  org.springframework.boot.SpringApplicationRunListeners.doWithListeners(Ljava/lang/String;Ljava/util/function/Consumer;Ljava/util/function/Consumer;)V+17
j  org.springframework.boot.SpringApplicationRunListeners.doWithListeners(Ljava/lang/String;Ljava/util/function/Consumer;)V+4
j  org.springframework.boot.SpringApplicationRunListeners.environmentPrepared(Lorg/springframework/boot/ConfigurableBootstrapContext;Lorg/springframework/core/env/ConfigurableEnvironment;)V+10
j  org.springframework.boot.SpringApplication.prepareEnvironment(Lorg/springframework/boot/SpringApplicationRunListeners;Lorg/springframework/boot/DefaultBootstrapContext;Lorg/springframework/boot/ApplicationArguments;)Lorg/springframework/core/env/ConfigurableEnvironment;+27
j  org.springframework.boot.SpringApplication.run([Ljava/lang/String;)Lorg/springframework/context/ConfigurableApplicationContext;+52
j  org.springframework.boot.SpringApplication.run([Ljava/lang/Class;[Ljava/lang/String;)Lorg/springframework/context/ConfigurableApplicationContext;+9
j  org.springframework.boot.SpringApplication.run(Ljava/lang/Class;[Ljava/lang/String;)Lorg/springframework/context/ConfigurableApplicationContext;+9
j  com.cloud.web.WebApplication.main([Ljava/lang/String;)V+3
v  ~StubRoutines::call_stub
j  jdk.internal.reflect.NativeMethodAccessorImpl.invoke0(Ljava/lang/reflect/Method;Ljava/lang/Object;[Ljava/lang/Object;)Ljava/lang/Object;+0 java.base@17.0.3
j  jdk.internal.reflect.NativeMethodAccessorImpl.invoke(Ljava/lang/Object;[Ljava/lang/Object;)Ljava/lang/Object;+133 java.base@17.0.3
j  jdk.internal.reflect.DelegatingMethodAccessorImpl.invoke(Ljava/lang/Object;[Ljava/lang/Object;)Ljava/lang/Object;+6 java.base@17.0.3
j  java.lang.reflect.Method.invoke(Ljava/lang/Object;[Ljava/lang/Object;)Ljava/lang/Object;+59 java.base@17.0.3
j  org.springframework.boot.devtools.restart.RestartLauncher.run()V+42
v  ~StubRoutines::call_stub

---------------  P R O C E S S  ---------------

Threads class SMR info:
_java_thread_list=0x000002227bee83f0, length=15, elements={
0x00000222691feab0, 0x000002227aab76c0, 0x000002227aab8070, 0x000002227aacfac0,
0x000002227aad1090, 0x000002227aad2250, 0x000002227ab01f40, 0x000002227aadeb60,
0x000002227ab04850, 0x000002227aaa0eb0, 0x000002227b7f8170, 0x000002227b7fcce0,
0x000002227b9a48a0, 0x000002227be82240, 0x000002227bda1f00
}

Java Threads: ( => current thread )
  0x00000222691feab0 JavaThread "main" [_thread_blocked, id=108932, stack(0x000000bc6a300000,0x000000bc6a400000)]
  0x000002227aab76c0 JavaThread "Reference Handler" daemon [_thread_blocked, id=112620, stack(0x000000bc6aa00000,0x000000bc6ab00000)]
  0x000002227aab8070 JavaThread "Finalizer" daemon [_thread_blocked, id=90440, stack(0x000000bc6ab00000,0x000000bc6ac00000)]
  0x000002227aacfac0 JavaThread "Signal Dispatcher" daemon [_thread_blocked, id=111992, stack(0x000000bc6ac00000,0x000000bc6ad00000)]
  0x000002227aad1090 JavaThread "Attach Listener" daemon [_thread_blocked, id=95404, stack(0x000000bc6ad00000,0x000000bc6ae00000)]
  0x000002227aad2250 JavaThread "Service Thread" daemon [_thread_blocked, id=97480, stack(0x000000bc6ae00000,0x000000bc6af00000)]
  0x000002227ab01f40 JavaThread "Monitor Deflation Thread" daemon [_thread_blocked, id=111316, stack(0x000000bc6af00000,0x000000bc6b000000)]
  0x000002227aadeb60 JavaThread "C1 CompilerThread0" daemon [_thread_blocked, id=113440, stack(0x000000bc6b000000,0x000000bc6b100000)]
  0x000002227ab04850 JavaThread "Sweeper thread" daemon [_thread_blocked, id=97744, stack(0x000000bc6b100000,0x000000bc6b200000)]
  0x000002227aaa0eb0 JavaThread "Common-Cleaner" daemon [_thread_blocked, id=97292, stack(0x000000bc6b200000,0x000000bc6b300000)]
  0x000002227b7f8170 JavaThread "Monitor Ctrl-Break" daemon [_thread_in_native, id=102348, stack(0x000000bc6b300000,0x000000bc6b400000)]
  0x000002227b7fcce0 JavaThread "Notification Thread" daemon [_thread_blocked, id=109676, stack(0x000000bc6b400000,0x000000bc6b500000)]
  0x000002227b9a48a0 JavaThread "RMI TCP Accept-0" daemon [_thread_in_native, id=96720, stack(0x000000bc6b500000,0x000000bc6b600000)]
  0x000002227be82240 JavaThread "Thread-0" [_thread_blocked, id=6620, stack(0x000000bc6bd00000,0x000000bc6be00000)]
=>0x000002227bda1f00 JavaThread "restartedMain" [_thread_in_vm, id=111644, stack(0x000000bc6be00000,0x000000bc6bf00000)]

Other Threads:
  0x000002227aab3d30 VMThread "VM Thread" [stack: 0x000000bc6a900000,0x000000bc6aa00000] [id=103136]
  0x000002226926ef10 WatcherThread [stack: 0x000000bc6b600000,0x000000bc6b700000] [id=113064]
  0x0000022269254240 GCTaskThread "GC Thread#0" [stack: 0x000000bc6a400000,0x000000bc6a500000] [id=108492]
  0x000002227bcf9400 GCTaskThread "GC Thread#1" [stack: 0x000000bc6b700000,0x000000bc6b800000] [id=93112]
  0x000002227bd48110 GCTaskThread "GC Thread#2" [stack: 0x000000bc6b800000,0x000000bc6b900000] [id=113880]
  0x000002227bd483c0 GCTaskThread "GC Thread#3" [stack: 0x000000bc6b900000,0x000000bc6ba00000] [id=88696]
  0x000002227bd4c680 GCTaskThread "GC Thread#4" [stack: 0x000000bc6ba00000,0x000000bc6bb00000] [id=112352]
  0x000002227bd54940 GCTaskThread "GC Thread#5" [stack: 0x000000bc6bb00000,0x000000bc6bc00000] [id=95536]
  0x0000022269263d80 ConcurrentGCThread "G1 Main Marker" [stack: 0x000000bc6a500000,0x000000bc6a600000] [id=107680]
  0x0000022269264790 ConcurrentGCThread "G1 Conc#0" [stack: 0x000000bc6a600000,0x000000bc6a700000] [id=111360]
  0x000002227a970090 ConcurrentGCThread "G1 Refine#0" [stack: 0x000000bc6a700000,0x000000bc6a800000] [id=110484]
  0x000002227bd01190 ConcurrentGCThread "G1 Refine#1" [stack: 0x000000bc6bc00000,0x000000bc6bd00000] [id=101396]
  0x000002227a971860 ConcurrentGCThread "G1 Service" [stack: 0x000000bc6a800000,0x000000bc6a900000] [id=112044]

Threads with active compile tasks:

VM state: not at safepoint (normal execution)

VM Mutex/Monitor currently owned by a thread:  ([mutex/lock_event])
[0x00000222691fb8f0] Metaspace_lock - owner thread: 0x000002227bda1f00

Heap address: 0x000000008a000000, size: 1888 MB, Compressed Oops mode: 32-bit

CDS archive(s) mapped at: [0x0000000800000000-0x0000000800bc0000-0x0000000800bc0000), size 12320768, SharedBaseAddress: 0x0000000800000000, ArchiveRelocationMode: 0.
Compressed class space mapped at: 0x0000000800c00000-0x0000000840c00000, reserved size: 1073741824
Narrow klass base: 0x0000000800000000, Narrow klass shift: 0, Narrow klass range: 0x100000000

GC Precious Log:
 CPUs: 6 total, 6 available
 Memory: 7547M
 Large Page Support: Disabled
 NUMA Support: Disabled
 Compressed Oops: Enabled (32-bit)
 Heap Region Size: 1M
 Heap Min Capacity: 8M
 Heap Initial Capacity: 118M
 Heap Max Capacity: 1888M
 Pre-touch: Disabled
 Parallel Workers: 6
 Concurrent Workers: 2
 Concurrent Refinement Workers: 6
 Periodic GC: Disabled

Heap:
 garbage-first heap   total 120832K, used 14489K [0x000000008a000000, 0x0000000100000000)
  region size 1024K, 9 young (9216K), 3 survivors (3072K)
 Metaspace       used 12840K, committed 13056K, reserved 1064960K
  class space    used 1687K, committed 1792K, reserved 1048576K

Heap Regions: E=young(eden), S=young(survivor), O=old, HS=humongous(starts), HC=humongous(continues), CS=collection set, F=free, OA=open archive, CA=closed archive, TAMS=top-at-mark-start (previous, next)
|   0|0x000000008a000000, 0x000000008a100000, 0x000000008a100000|100%|HS|  |TAMS 0x000000008a000000, 0x000000008a000000| Complete 
|   1|0x000000008a100000, 0x000000008a200000, 0x000000008a200000|100%| O|  |TAMS 0x000000008a100000, 0x000000008a100000| Untracked 
|   2|0x000000008a200000, 0x000000008a300000, 0x000000008a300000|100%| O|  |TAMS 0x000000008a200000, 0x000000008a200000| Untracked 
|   3|0x000000008a300000, 0x000000008a400000, 0x000000008a400000|100%| O|  |TAMS 0x000000008a300000, 0x000000008a300000| Untracked 
|   4|0x000000008a400000, 0x000000008a500000, 0x000000008a500000|100%| O|  |TAMS 0x000000008a400000, 0x000000008a400000| Untracked 
|   5|0x000000008a500000, 0x000000008a600000, 0x000000008a600000|100%| O|  |TAMS 0x000000008a500000, 0x000000008a500000| Untracked 
|   6|0x000000008a600000, 0x000000008a6e1200, 0x000000008a700000| 87%| O|  |TAMS 0x000000008a600000, 0x000000008a600000| Untracked 
|   7|0x000000008a700000, 0x000000008a700000, 0x000000008a800000|  0%| F|  |TAMS 0x000000008a700000, 0x000000008a700000| Untracked 
|   8|0x000000008a800000, 0x000000008a800000, 0x000000008a900000|  0%| F|  |TAMS 0x000000008a800000, 0x000000008a800000| Untracked 
|   9|0x000000008a900000, 0x000000008a900000, 0x000000008aa00000|  0%| F|  |TAMS 0x000000008a900000, 0x000000008a900000| Untracked 
|  10|0x000000008aa00000, 0x000000008aa00000, 0x000000008ab00000|  0%| F|  |TAMS 0x000000008aa00000, 0x000000008aa00000| Untracked 
|  11|0x000000008ab00000, 0x000000008ab00000, 0x000000008ac00000|  0%| F|  |TAMS 0x000000008ab00000, 0x000000008ab00000| Untracked 
|  12|0x000000008ac00000, 0x000000008ac00000, 0x000000008ad00000|  0%| F|  |TAMS 0x000000008ac00000, 0x000000008ac00000| Untracked 
|  13|0x000000008ad00000, 0x000000008ad00000, 0x000000008ae00000|  0%| F|  |TAMS 0x000000008ad00000, 0x000000008ad00000| Untracked 
|  14|0x000000008ae00000, 0x000000008ae00000, 0x000000008af00000|  0%| F|  |TAMS 0x000000008ae00000, 0x000000008ae00000| Untracked 
|  15|0x000000008af00000, 0x000000008af00000, 0x000000008b000000|  0%| F|  |TAMS 0x000000008af00000, 0x000000008af00000| Untracked 
|  16|0x000000008b000000, 0x000000008b000000, 0x000000008b100000|  0%| F|  |TAMS 0x000000008b000000, 0x000000008b000000| Untracked 
|  17|0x000000008b100000, 0x000000008b100000, 0x000000008b200000|  0%| F|  |TAMS 0x000000008b100000, 0x000000008b100000| Untracked 
|  18|0x000000008b200000, 0x000000008b200000, 0x000000008b300000|  0%| F|  |TAMS 0x000000008b200000, 0x000000008b200000| Untracked 
|  19|0x000000008b300000, 0x000000008b300000, 0x000000008b400000|  0%| F|  |TAMS 0x000000008b300000, 0x000000008b300000| Untracked 
|  20|0x000000008b400000, 0x000000008b400000, 0x000000008b500000|  0%| F|  |TAMS 0x000000008b400000, 0x000000008b400000| Untracked 
|  21|0x000000008b500000, 0x000000008b500000, 0x000000008b600000|  0%| F|  |TAMS 0x000000008b500000, 0x000000008b500000| Untracked 
|  22|0x000000008b600000, 0x000000008b600000, 0x000000008b700000|  0%| F|  |TAMS 0x000000008b600000, 0x000000008b600000| Untracked 
|  23|0x000000008b700000, 0x000000008b700000, 0x000000008b800000|  0%| F|  |TAMS 0x000000008b700000, 0x000000008b700000| Untracked 
|  24|0x000000008b800000, 0x000000008b800000, 0x000000008b900000|  0%| F|  |TAMS 0x000000008b800000, 0x000000008b800000| Untracked 
|  25|0x000000008b900000, 0x000000008b900000, 0x000000008ba00000|  0%| F|  |TAMS 0x000000008b900000, 0x000000008b900000| Untracked 
|  26|0x000000008ba00000, 0x000000008ba00000, 0x000000008bb00000|  0%| F|  |TAMS 0x000000008ba00000, 0x000000008ba00000| Untracked 
|  27|0x000000008bb00000, 0x000000008bb00000, 0x000000008bc00000|  0%| F|  |TAMS 0x000000008bb00000, 0x000000008bb00000| Untracked 
|  28|0x000000008bc00000, 0x000000008bc00000, 0x000000008bd00000|  0%| F|  |TAMS 0x000000008bc00000, 0x000000008bc00000| Untracked 
|  29|0x000000008bd00000, 0x000000008bd00000, 0x000000008be00000|  0%| F|  |TAMS 0x000000008bd00000, 0x000000008bd00000| Untracked 
|  30|0x000000008be00000, 0x000000008be00000, 0x000000008bf00000|  0%| F|  |TAMS 0x000000008be00000, 0x000000008be00000| Untracked 
|  31|0x000000008bf00000, 0x000000008bf00000, 0x000000008c000000|  0%| F|  |TAMS 0x000000008bf00000, 0x000000008bf00000| Untracked 
|  32|0x000000008c000000, 0x000000008c000000, 0x000000008c100000|  0%| F|  |TAMS 0x000000008c000000, 0x000000008c000000| Untracked 
|  33|0x000000008c100000, 0x000000008c100000, 0x000000008c200000|  0%| F|  |TAMS 0x000000008c100000, 0x000000008c100000| Untracked 
|  34|0x000000008c200000, 0x000000008c200000, 0x000000008c300000|  0%| F|  |TAMS 0x000000008c200000, 0x000000008c200000| Untracked 
|  35|0x000000008c300000, 0x000000008c300000, 0x000000008c400000|  0%| F|  |TAMS 0x000000008c300000, 0x000000008c300000| Untracked 
|  36|0x000000008c400000, 0x000000008c400000, 0x000000008c500000|  0%| F|  |TAMS 0x000000008c400000, 0x000000008c400000| Untracked 
|  37|0x000000008c500000, 0x000000008c500000, 0x000000008c600000|  0%| F|  |TAMS 0x000000008c500000, 0x000000008c500000| Untracked 
|  38|0x000000008c600000, 0x000000008c600000, 0x000000008c700000|  0%| F|  |TAMS 0x000000008c600000, 0x000000008c600000| Untracked 
|  39|0x000000008c700000, 0x000000008c700000, 0x000000008c800000|  0%| F|  |TAMS 0x000000008c700000, 0x000000008c700000| Untracked 
|  40|0x000000008c800000, 0x000000008c800000, 0x000000008c900000|  0%| F|  |TAMS 0x000000008c800000, 0x000000008c800000| Untracked 
|  41|0x000000008c900000, 0x000000008c900000, 0x000000008ca00000|  0%| F|  |TAMS 0x000000008c900000, 0x000000008c900000| Untracked 
|  42|0x000000008ca00000, 0x000000008ca00000, 0x000000008cb00000|  0%| F|  |TAMS 0x000000008ca00000, 0x000000008ca00000| Untracked 
|  43|0x000000008cb00000, 0x000000008cb00000, 0x000000008cc00000|  0%| F|  |TAMS 0x000000008cb00000, 0x000000008cb00000| Untracked 
|  44|0x000000008cc00000, 0x000000008cc00000, 0x000000008cd00000|  0%| F|  |TAMS 0x000000008cc00000, 0x000000008cc00000| Untracked 
|  45|0x000000008cd00000, 0x000000008cd00000, 0x000000008ce00000|  0%| F|  |TAMS 0x000000008cd00000, 0x000000008cd00000| Untracked 
|  46|0x000000008ce00000, 0x000000008ce00000, 0x000000008cf00000|  0%| F|  |TAMS 0x000000008ce00000, 0x000000008ce00000| Untracked 
|  47|0x000000008cf00000, 0x000000008cf00000, 0x000000008d000000|  0%| F|  |TAMS 0x000000008cf00000, 0x000000008cf00000| Untracked 
|  48|0x000000008d000000, 0x000000008d000000, 0x000000008d100000|  0%| F|  |TAMS 0x000000008d000000, 0x000000008d000000| Untracked 
|  49|0x000000008d100000, 0x000000008d100000, 0x000000008d200000|  0%| F|  |TAMS 0x000000008d100000, 0x000000008d100000| Untracked 
|  50|0x000000008d200000, 0x000000008d200000, 0x000000008d300000|  0%| F|  |TAMS 0x000000008d200000, 0x000000008d200000| Untracked 
|  51|0x000000008d300000, 0x000000008d300000, 0x000000008d400000|  0%| F|  |TAMS 0x000000008d300000, 0x000000008d300000| Untracked 
|  52|0x000000008d400000, 0x000000008d400000, 0x000000008d500000|  0%| F|  |TAMS 0x000000008d400000, 0x000000008d400000| Untracked 
|  53|0x000000008d500000, 0x000000008d500000, 0x000000008d600000|  0%| F|  |TAMS 0x000000008d500000, 0x000000008d500000| Untracked 
|  54|0x000000008d600000, 0x000000008d600000, 0x000000008d700000|  0%| F|  |TAMS 0x000000008d600000, 0x000000008d600000| Untracked 
|  55|0x000000008d700000, 0x000000008d700000, 0x000000008d800000|  0%| F|  |TAMS 0x000000008d700000, 0x000000008d700000| Untracked 
|  56|0x000000008d800000, 0x000000008d800000, 0x000000008d900000|  0%| F|  |TAMS 0x000000008d800000, 0x000000008d800000| Untracked 
|  57|0x000000008d900000, 0x000000008d900000, 0x000000008da00000|  0%| F|  |TAMS 0x000000008d900000, 0x000000008d900000| Untracked 
|  58|0x000000008da00000, 0x000000008da00000, 0x000000008db00000|  0%| F|  |TAMS 0x000000008da00000, 0x000000008da00000| Untracked 
|  59|0x000000008db00000, 0x000000008db00000, 0x000000008dc00000|  0%| F|  |TAMS 0x000000008db00000, 0x000000008db00000| Untracked 
|  60|0x000000008dc00000, 0x000000008dc00000, 0x000000008dd00000|  0%| F|  |TAMS 0x000000008dc00000, 0x000000008dc00000| Untracked 
|  61|0x000000008dd00000, 0x000000008dd00000, 0x000000008de00000|  0%| F|  |TAMS 0x000000008dd00000, 0x000000008dd00000| Untracked 
|  62|0x000000008de00000, 0x000000008de00000, 0x000000008df00000|  0%| F|  |TAMS 0x000000008de00000, 0x000000008de00000| Untracked 
|  63|0x000000008df00000, 0x000000008df00000, 0x000000008e000000|  0%| F|  |TAMS 0x000000008df00000, 0x000000008df00000| Untracked 
|  64|0x000000008e000000, 0x000000008e000000, 0x000000008e100000|  0%| F|  |TAMS 0x000000008e000000, 0x000000008e000000| Untracked 
|  65|0x000000008e100000, 0x000000008e100000, 0x000000008e200000|  0%| F|  |TAMS 0x000000008e100000, 0x000000008e100000| Untracked 
|  66|0x000000008e200000, 0x000000008e200000, 0x000000008e300000|  0%| F|  |TAMS 0x000000008e200000, 0x000000008e200000| Untracked 
|  67|0x000000008e300000, 0x000000008e300000, 0x000000008e400000|  0%| F|  |TAMS 0x000000008e300000, 0x000000008e300000| Untracked 
|  68|0x000000008e400000, 0x000000008e400000, 0x000000008e500000|  0%| F|  |TAMS 0x000000008e400000, 0x000000008e400000| Untracked 
|  69|0x000000008e500000, 0x000000008e500000, 0x000000008e600000|  0%| F|  |TAMS 0x000000008e500000, 0x000000008e500000| Untracked 
|  70|0x000000008e600000, 0x000000008e600000, 0x000000008e700000|  0%| F|  |TAMS 0x000000008e600000, 0x000000008e600000| Untracked 
|  71|0x000000008e700000, 0x000000008e700000, 0x000000008e800000|  0%| F|  |TAMS 0x000000008e700000, 0x000000008e700000| Untracked 
|  72|0x000000008e800000, 0x000000008e800000, 0x000000008e900000|  0%| F|  |TAMS 0x000000008e800000, 0x000000008e800000| Untracked 
|  73|0x000000008e900000, 0x000000008e900000, 0x000000008ea00000|  0%| F|  |TAMS 0x000000008e900000, 0x000000008e900000| Untracked 
|  74|0x000000008ea00000, 0x000000008ea00000, 0x000000008eb00000|  0%| F|  |TAMS 0x000000008ea00000, 0x000000008ea00000| Untracked 
|  75|0x000000008eb00000, 0x000000008eb00000, 0x000000008ec00000|  0%| F|  |TAMS 0x000000008eb00000, 0x000000008eb00000| Untracked 
|  76|0x000000008ec00000, 0x000000008ec00000, 0x000000008ed00000|  0%| F|  |TAMS 0x000000008ec00000, 0x000000008ec00000| Untracked 
|  77|0x000000008ed00000, 0x000000008ed00000, 0x000000008ee00000|  0%| F|  |TAMS 0x000000008ed00000, 0x000000008ed00000| Untracked 
|  78|0x000000008ee00000, 0x000000008ee00000, 0x000000008ef00000|  0%| F|  |TAMS 0x000000008ee00000, 0x000000008ee00000| Untracked 
|  79|0x000000008ef00000, 0x000000008ef00000, 0x000000008f000000|  0%| F|  |TAMS 0x000000008ef00000, 0x000000008ef00000| Untracked 
|  80|0x000000008f000000, 0x000000008f000000, 0x000000008f100000|  0%| F|  |TAMS 0x000000008f000000, 0x000000008f000000| Untracked 
|  81|0x000000008f100000, 0x000000008f100000, 0x000000008f200000|  0%| F|  |TAMS 0x000000008f100000, 0x000000008f100000| Untracked 
|  82|0x000000008f200000, 0x000000008f200000, 0x000000008f300000|  0%| F|  |TAMS 0x000000008f200000, 0x000000008f200000| Untracked 
|  83|0x000000008f300000, 0x000000008f300000, 0x000000008f400000|  0%| F|  |TAMS 0x000000008f300000, 0x000000008f300000| Untracked 
|  84|0x000000008f400000, 0x000000008f400000, 0x000000008f500000|  0%| F|  |TAMS 0x000000008f400000, 0x000000008f400000| Untracked 
|  85|0x000000008f500000, 0x000000008f500000, 0x000000008f600000|  0%| F|  |TAMS 0x000000008f500000, 0x000000008f500000| Untracked 
|  86|0x000000008f600000, 0x000000008f600000, 0x000000008f700000|  0%| F|  |TAMS 0x000000008f600000, 0x000000008f600000| Untracked 
|  87|0x000000008f700000, 0x000000008f700000, 0x000000008f800000|  0%| F|  |TAMS 0x000000008f700000, 0x000000008f700000| Untracked 
|  88|0x000000008f800000, 0x000000008f800000, 0x000000008f900000|  0%| F|  |TAMS 0x000000008f800000, 0x000000008f800000| Untracked 
|  89|0x000000008f900000, 0x000000008f900000, 0x000000008fa00000|  0%| F|  |TAMS 0x000000008f900000, 0x000000008f900000| Untracked 
|  90|0x000000008fa00000, 0x000000008fa00000, 0x000000008fb00000|  0%| F|  |TAMS 0x000000008fa00000, 0x000000008fa00000| Untracked 
|  91|0x000000008fb00000, 0x000000008fb455d0, 0x000000008fc00000| 27%| S|CS|TAMS 0x000000008fb00000, 0x000000008fb00000| Complete 
|  92|0x000000008fc00000, 0x000000008fd00000, 0x000000008fd00000|100%| S|CS|TAMS 0x000000008fc00000, 0x000000008fc00000| Complete 
|  93|0x000000008fd00000, 0x000000008fe00000, 0x000000008fe00000|100%| S|CS|TAMS 0x000000008fd00000, 0x000000008fd00000| Complete 
|  94|0x000000008fe00000, 0x000000008fe00000, 0x000000008ff00000|  0%| F|  |TAMS 0x000000008fe00000, 0x000000008fe00000| Untracked 
|  95|0x000000008ff00000, 0x000000008ff00000, 0x0000000090000000|  0%| F|  |TAMS 0x000000008ff00000, 0x000000008ff00000| Untracked 
|  96|0x0000000090000000, 0x0000000090000000, 0x0000000090100000|  0%| F|  |TAMS 0x0000000090000000, 0x0000000090000000| Untracked 
|  97|0x0000000090100000, 0x0000000090100000, 0x0000000090200000|  0%| F|  |TAMS 0x0000000090100000, 0x0000000090100000| Untracked 
|  98|0x0000000090200000, 0x0000000090200000, 0x0000000090300000|  0%| F|  |TAMS 0x0000000090200000, 0x0000000090200000| Untracked 
|  99|0x0000000090300000, 0x0000000090300000, 0x0000000090400000|  0%| F|  |TAMS 0x0000000090300000, 0x0000000090300000| Untracked 
| 100|0x0000000090400000, 0x0000000090400000, 0x0000000090500000|  0%| F|  |TAMS 0x0000000090400000, 0x0000000090400000| Untracked 
| 101|0x0000000090500000, 0x0000000090500000, 0x0000000090600000|  0%| F|  |TAMS 0x0000000090500000, 0x0000000090500000| Untracked 
| 102|0x0000000090600000, 0x0000000090600000, 0x0000000090700000|  0%| F|  |TAMS 0x0000000090600000, 0x0000000090600000| Untracked 
| 103|0x0000000090700000, 0x0000000090700000, 0x0000000090800000|  0%| F|  |TAMS 0x0000000090700000, 0x0000000090700000| Untracked 
| 104|0x0000000090800000, 0x0000000090800000, 0x0000000090900000|  0%| F|  |TAMS 0x0000000090800000, 0x0000000090800000| Untracked 
| 105|0x0000000090900000, 0x0000000090900000, 0x0000000090a00000|  0%| F|  |TAMS 0x0000000090900000, 0x0000000090900000| Untracked 
| 106|0x0000000090a00000, 0x0000000090a00000, 0x0000000090b00000|  0%| F|  |TAMS 0x0000000090a00000, 0x0000000090a00000| Untracked 
| 107|0x0000000090b00000, 0x0000000090b00000, 0x0000000090c00000|  0%| F|  |TAMS 0x0000000090b00000, 0x0000000090b00000| Untracked 
| 108|0x0000000090c00000, 0x0000000090c00000, 0x0000000090d00000|  0%| F|  |TAMS 0x0000000090c00000, 0x0000000090c00000| Untracked 
| 109|0x0000000090d00000, 0x0000000090d00000, 0x0000000090e00000|  0%| F|  |TAMS 0x0000000090d00000, 0x0000000090d00000| Untracked 
| 110|0x0000000090e00000, 0x0000000090e00000, 0x0000000090f00000|  0%| F|  |TAMS 0x0000000090e00000, 0x0000000090e00000| Untracked 
| 111|0x0000000090f00000, 0x0000000090f00000, 0x0000000091000000|  0%| F|  |TAMS 0x0000000090f00000, 0x0000000090f00000| Untracked 
| 112|0x0000000091000000, 0x00000000910d4ea8, 0x0000000091100000| 83%| E|  |TAMS 0x0000000091000000, 0x0000000091000000| Complete 
| 113|0x0000000091100000, 0x0000000091200000, 0x0000000091200000|100%| E|CS|TAMS 0x0000000091100000, 0x0000000091100000| Complete 
| 114|0x0000000091200000, 0x0000000091300000, 0x0000000091300000|100%| E|CS|TAMS 0x0000000091200000, 0x0000000091200000| Complete 
| 115|0x0000000091300000, 0x0000000091400000, 0x0000000091400000|100%| E|CS|TAMS 0x0000000091300000, 0x0000000091300000| Complete 
| 116|0x0000000091400000, 0x0000000091500000, 0x0000000091500000|100%| E|CS|TAMS 0x0000000091400000, 0x0000000091400000| Complete 
| 117|0x0000000091500000, 0x0000000091600000, 0x0000000091600000|100%| E|CS|TAMS 0x0000000091500000, 0x0000000091500000| Complete 

Card table byte_map: [0x00000222740a0000,0x0000022274450000] _byte_map_base: 0x0000022273c50000

Marking Bits (Prev, Next): (CMBitMap*) 0x0000022269254850, (CMBitMap*) 0x0000022269254890
 Prev Bits: [0x0000022274800000, 0x0000022276580000)
 Next Bits: [0x0000022276580000, 0x0000022278300000)

Polling page: 0x00000222689d0000

Metaspace:

Usage:
  Non-class:     10.89 MB used.
      Class:      1.65 MB used.
       Both:     12.54 MB used.

Virtual space:
  Non-class space:       16.00 MB reserved,      11.00 MB ( 69%) committed,  2 nodes.
      Class space:        1.00 GB reserved,       1.75 MB ( <1%) committed,  1 nodes.
             Both:        1.02 GB reserved,      12.75 MB (  1%) committed. 

Chunk freelists:
   Non-Class:  112.00 KB
       Class:  2.13 MB
        Both:  2.23 MB

MaxMetaspaceSize: unlimited
CompressedClassSpaceSize: 1.00 GB
Initial GC threshold: 21.00 MB
Current GC threshold: 21.00 MB
CDS: on
MetaspaceReclaimPolicy: balanced
 - commit_granule_bytes: 65536.
 - commit_granule_words: 8192.
 - virtual_space_node_default_size: 1048576.
 - enlarge_chunks_in_place: 1.
 - new_chunks_are_fully_committed: 0.
 - uncommit_free_chunks: 1.
 - use_allocation_guard: 0.
 - handle_deallocations: 1.


Internal statistics:

num_allocs_failed_limit: 0.
num_arena_births: 180.
num_arena_deaths: 0.
num_vsnodes_births: 3.
num_vsnodes_deaths: 0.
num_space_committed: 204.
num_space_uncommitted: 0.
num_chunks_returned_to_freelist: 0.
num_chunks_taken_from_freelist: 495.
num_chunk_merges: 0.
num_chunk_splits: 316.
num_chunks_enlarged: 226.
num_purges: 0.
num_inconsistent_stats: 0.

CodeCache: size=49152Kb used=3755Kb max_used=3755Kb free=45396Kb
 bounds [0x0000022270cf0000, 0x00000222710a0000, 0x0000022273cf0000]
 total_blobs=2263 nmethods=1779 adapters=411
 compilation: enabled
              stopped_count=0, restarted_count=0
 full_count=0

Compilation events (20 events):
Event: 3.752 Thread 0x000002227aadeb60 1767       1       org.springframework.boot.context.properties.source.SpringConfigurationPropertySource::getPropertySource (5 bytes)
Event: 3.752 Thread 0x000002227aadeb60 nmethod 1767 0x0000022271097b10 code [0x0000022271097ca0, 0x0000022271097d78]
Event: 3.752 Thread 0x000002227aadeb60 1766       1       org.springframework.core.env.PropertySource::getSource (5 bytes)
Event: 3.752 Thread 0x000002227aadeb60 nmethod 1766 0x0000022271097e10 code [0x0000022271097fa0, 0x0000022271098078]
Event: 3.752 Thread 0x000002227aadeb60 1772       1       org.springframework.boot.context.properties.source.SpringIterableConfigurationPropertySource$$Lambda$218/0x0000000800dd7090::test (8 bytes)
Event: 3.752 Thread 0x000002227aadeb60 nmethod 1772 0x0000022271098110 code [0x00000222710982a0, 0x00000222710983b8]
Event: 3.765 Thread 0x000002227aadeb60 1773       1       java.lang.invoke.MethodHandles$Lookup::resolveOrFail (44 bytes)
Event: 3.765 Thread 0x000002227aadeb60 nmethod 1773 0x0000022271098490 code [0x00000222710986a0, 0x0000022271098b68]
Event: 3.765 Thread 0x000002227aadeb60 1774       1       java.lang.invoke.MethodHandles$Lookup::getDirectMethodForConstant (72 bytes)
Event: 3.766 Thread 0x000002227aadeb60 nmethod 1774 0x0000022271098d90 code [0x0000022271098fe0, 0x0000022271099728]
Event: 3.766 Thread 0x000002227aadeb60 1776       1       java.lang.invoke.BoundMethodHandle::rebind (14 bytes)
Event: 3.767 Thread 0x000002227aadeb60 nmethod 1776 0x0000022271099a90 code [0x0000022271099c80, 0x0000022271099f88]
Event: 3.767 Thread 0x000002227aadeb60 1777       1       java.lang.invoke.BoundMethodHandle::tooComplex (27 bytes)
Event: 3.767 Thread 0x000002227aadeb60 nmethod 1777 0x000002227109a190 code [0x000002227109a340, 0x000002227109a4b8]
Event: 3.767 Thread 0x000002227aadeb60 1778       1       java.lang.invoke.BoundMethodHandle::fieldCount (8 bytes)
Event: 3.767 Thread 0x000002227aadeb60 nmethod 1778 0x000002227109a610 code [0x000002227109a7c0, 0x000002227109a8d8]
Event: 3.767 Thread 0x000002227aadeb60 1775       1       java.util.stream.ReferencePipeline$StatelessOp::opIsStateful (2 bytes)
Event: 3.767 Thread 0x000002227aadeb60 nmethod 1775 0x000002227109a990 code [0x000002227109ab20, 0x000002227109abf8]
Event: 3.768 Thread 0x000002227aadeb60 1779       1       java.lang.invoke.InfoFromMemberName::getModifiers (8 bytes)
Event: 3.768 Thread 0x000002227aadeb60 nmethod 1779 0x000002227109ac90 code [0x000002227109ae20, 0x000002227109aef8]

GC Heap History (4 events):
Event: 2.634 GC heap before
{Heap before GC invocations=0 (full 0):
 garbage-first heap   total 120832K, used 21504K [0x000000008a000000, 0x0000000100000000)
  region size 1024K, 21 young (21504K), 0 survivors (0K)
 Metaspace       used 6593K, committed 6720K, reserved 1056768K
  class space    used 848K, committed 896K, reserved 1048576K
}
Event: 2.642 GC heap after
{Heap after GC invocations=1 (full 0):
 garbage-first heap   total 120832K, used 6894K [0x000000008a000000, 0x0000000100000000)
  region size 1024K, 3 young (3072K), 3 survivors (3072K)
 Metaspace       used 6593K, committed 6720K, reserved 1056768K
  class space    used 848K, committed 896K, reserved 1048576K
}
Event: 3.611 GC heap before
{Heap before GC invocations=1 (full 0):
 garbage-first heap   total 120832K, used 28398K [0x000000008a000000, 0x0000000100000000)
  region size 1024K, 24 young (24576K), 3 survivors (3072K)
 Metaspace       used 11716K, committed 11904K, reserved 1064960K
  class space    used 1503K, committed 1600K, reserved 1048576K
}
Event: 3.615 GC heap after
{Heap after GC invocations=2 (full 0):
 garbage-first heap   total 120832K, used 9369K [0x000000008a000000, 0x0000000100000000)
  region size 1024K, 3 young (3072K), 3 survivors (3072K)
 Metaspace       used 11716K, committed 11904K, reserved 1064960K
  class space    used 1503K, committed 1600K, reserved 1048576K
}

Deoptimization events (4 events):
Event: 2.690 Thread 0x00000222691feab0 DEOPT PACKING pc=0x0000022270ea6575 sp=0x000000bc6a3fc880
Event: 2.690 Thread 0x00000222691feab0 DEOPT UNPACKING pc=0x0000022270d42b43 sp=0x000000bc6a3fbcd8 mode 3
Event: 3.116 Thread 0x00000222691feab0 DEOPT PACKING pc=0x0000022271008019 sp=0x000000bc6a3fd600
Event: 3.116 Thread 0x00000222691feab0 DEOPT UNPACKING pc=0x0000022270d42b43 sp=0x000000bc6a3fcae0 mode 3

Classes unloaded (0 events):
No events

Classes redefined (0 events):
No events

Internal exceptions (20 events):
Event: 1.773 Thread 0x00000222691feab0 Exception <a 'java/lang/NoSuchMethodError'{0x0000000090a20fa0}: 'java.lang.Object java.lang.invoke.DirectMethodHandle$Holder.invokeStaticInit(java.lang.Object, java.lang.Object, int, int, int, int)'> (0x0000000090a20fa0) 
thrown [c:\wsjdk\corretto17src\installers\windows\zip\corretto-build\buildroot\src\hotspot\share\interpreter\linkResolver.cpp, line 766]
Event: 1.810 Thread 0x00000222691feab0 Exception <a 'java/lang/ClassNotFoundException'{0x0000000090a3f368}: javax/management/remote/rmi/RMIServerImpl_Skel> (0x0000000090a3f368) 
thrown [c:\wsjdk\corretto17src\installers\windows\zip\corretto-build\buildroot\src\hotspot\share\classfile\systemDictionary.cpp, line 256]
Event: 1.917 Thread 0x00000222691feab0 Exception <a 'java/lang/NoSuchMethodError'{0x000000009082f7b0}: 'void java.lang.invoke.DirectMethodHandle$Holder.invokeSpecial(java.lang.Object, java.lang.Object, java.lang.Object, java.lang.Object, java.lang.Object)'> (0x000000009082f7b0) 
thrown [c:\wsjdk\corretto17src\installers\windows\zip\corretto-build\buildroot\src\hotspot\share\interpreter\linkResolver.cpp, line 766]
Event: 1.919 Thread 0x00000222691feab0 Exception <a 'java/lang/NoSuchMethodError'{0x0000000090837570}: 'void java.lang.invoke.DirectMethodHandle$Holder.invokeStatic(java.lang.Object, java.lang.Object, java.lang.Object, java.lang.Object)'> (0x0000000090837570) 
thrown [c:\wsjdk\corretto17src\installers\windows\zip\corretto-build\buildroot\src\hotspot\share\interpreter\linkResolver.cpp, line 766]
Event: 2.614 Thread 0x00000222691feab0 Exception <a 'java/lang/NoSuchMethodError'{0x000000009016a578}: 'java.lang.Object java.lang.invoke.DirectMethodHandle$Holder.newInvokeSpecial(java.lang.Object, long, int, java.lang.Object)'> (0x000000009016a578) 
thrown [c:\wsjdk\corretto17src\installers\windows\zip\corretto-build\buildroot\src\hotspot\share\interpreter\linkResolver.cpp, line 766]
Event: 2.628 Thread 0x00000222691feab0 Exception <a 'java/lang/NoSuchMethodError'{0x00000000901d3c78}: 'void java.lang.invoke.DirectMethodHandle$Holder.invokeStaticInit(java.lang.Object, java.lang.Object, java.lang.Object, java.lang.Object)'> (0x00000000901d3c78) 
thrown [c:\wsjdk\corretto17src\installers\windows\zip\corretto-build\buildroot\src\hotspot\share\interpreter\linkResolver.cpp, line 766]
Event: 2.652 Thread 0x00000222691feab0 Exception <a 'java/lang/NoSuchMethodError'{0x0000000091539240}: 'int java.lang.invoke.DirectMethodHandle$Holder.invokeStaticInit(java.lang.Object, java.lang.Object, java.lang.Object)'> (0x0000000091539240) 
thrown [c:\wsjdk\corretto17src\installers\windows\zip\corretto-build\buildroot\src\hotspot\share\interpreter\linkResolver.cpp, line 766]
Event: 2.902 Thread 0x00000222691feab0 Exception <a 'java/lang/NoSuchMethodError'{0x00000000910e0a00}: 'java.lang.Object java.lang.invoke.DirectMethodHandle$Holder.newInvokeSpecial(java.lang.Object, java.lang.Object, java.lang.Object, java.lang.Object, java.lang.Object)'> (0x00000000910e0a00) 
thrown [c:\wsjdk\corretto17src\installers\windows\zip\corretto-build\buildroot\src\hotspot\share\interpreter\linkResolver.cpp, line 766]
Event: 3.070 Thread 0x00000222691feab0 Exception <a 'java/lang/NoSuchMethodError'{0x0000000090b2c040}: 'java.lang.Object java.lang.invoke.DirectMethodHandle$Holder.invokeSpecialIFC(java.lang.Object, java.lang.Object, java.lang.Object, java.lang.Object)'> (0x0000000090b2c040) 
thrown [c:\wsjdk\corretto17src\installers\windows\zip\corretto-build\buildroot\src\hotspot\share\interpreter\linkResolver.cpp, line 766]
Event: 3.095 Thread 0x00000222691feab0 Exception <a 'java/lang/NoSuchMethodError'{0x0000000090bc7e10}: 'int java.lang.invoke.DirectMethodHandle$Holder.invokeStaticInit(java.lang.Object, java.lang.Object)'> (0x0000000090bc7e10) 
thrown [c:\wsjdk\corretto17src\installers\windows\zip\corretto-build\buildroot\src\hotspot\share\interpreter\linkResolver.cpp, line 766]
Event: 3.295 Thread 0x000002227bda1f00 Exception <a 'java/lang/NoSuchMethodError'{0x00000000903a9d48}: 'java.lang.Object java.lang.invoke.DirectMethodHandle$Holder.invokeInterface(java.lang.Object, java.lang.Object)'> (0x00000000903a9d48) 
thrown [c:\wsjdk\corretto17src\installers\windows\zip\corretto-build\buildroot\src\hotspot\share\interpreter\linkResolver.cpp, line 766]
Event: 3.351 Thread 0x000002227bda1f00 Exception <a 'sun/nio/fs/WindowsException'{0x0000000090244780}> (0x0000000090244780) 
thrown [c:\wsjdk\corretto17src\installers\windows\zip\corretto-build\buildroot\src\hotspot\share\prims\jni.cpp, line 516]
Event: 3.663 Thread 0x000002227bda1f00 Exception <a 'java/lang/NoSuchMethodError'{0x000000009146da18}: 'java.lang.Object java.lang.invoke.Invokers$Holder.invokeExact_MT(java.lang.Object, java.lang.Object, java.lang.Object, java.lang.Object, java.lang.Object, java.lang.Object)'> (0x000000009146da18) 
thrown [c:\wsjdk\corretto17src\installers\windows\zip\corretto-build\buildroot\src\hotspot\share\interpreter\linkResolver.cpp, line 766]
Event: 3.666 Thread 0x000002227bda1f00 Exception <a 'java/lang/NoSuchMethodError'{0x0000000091482830}: 'java.lang.Object java.lang.invoke.DirectMethodHandle$Holder.invokeInterface(java.lang.Object, java.lang.Object, java.lang.Object)'> (0x0000000091482830) 
thrown [c:\wsjdk\corretto17src\installers\windows\zip\corretto-build\buildroot\src\hotspot\share\interpreter\linkResolver.cpp, line 766]
Event: 3.666 Thread 0x000002227bda1f00 Exception <a 'java/lang/IncompatibleClassChangeError'{0x00000000914861b8}: Found class java.lang.Object, but interface was expected> (0x00000000914861b8) 
thrown [c:\wsjdk\corretto17src\installers\windows\zip\corretto-build\buildroot\src\hotspot\share\interpreter\linkResolver.cpp, line 833]
Event: 3.694 Thread 0x000002227bda1f00 Exception <a 'java/lang/NoSuchMethodError'{0x000000009138d670}: 'int java.lang.invoke.DirectMethodHandle$Holder.invokeSpecial(java.lang.Object, java.lang.Object, java.lang.Object, java.lang.Object)'> (0x000000009138d670) 
thrown [c:\wsjdk\corretto17src\installers\windows\zip\corretto-build\buildroot\src\hotspot\share\interpreter\linkResolver.cpp, line 766]
Event: 3.724 Thread 0x000002227bda1f00 Exception <a 'java/lang/NoSuchMethodError'{0x00000000912d9580}: 'java.lang.Object java.lang.invoke.DirectMethodHandle$Holder.newInvokeSpecial(java.lang.Object, java.lang.Object, java.lang.Object, java.lang.Object, java.lang.Object, java.lang.Object)'> (0x00000000912d9580) 
thrown [c:\wsjdk\corretto17src\installers\windows\zip\corretto-build\buildroot\src\hotspot\share\interpreter\linkResolver.cpp, line 766]
Event: 3.740 Thread 0x000002227bda1f00 Exception <a 'java/lang/NoSuchMethodError'{0x0000000091180680}: 'java.lang.Object java.lang.invoke.DirectMethodHandle$Holder.invokeSpecial(java.lang.Object, java.lang.Object, java.lang.Object, java.lang.Object, java.lang.Object, java.lang.Object, int)'> (0x0000000091180680) 
thrown [c:\wsjdk\corretto17src\installers\windows\zip\corretto-build\buildroot\src\hotspot\share\interpreter\linkResolver.cpp, line 766]
Event: 3.741 Thread 0x000002227bda1f00 Exception <a 'java/lang/NoSuchMethodError'{0x000000009118abe0}: 'java.lang.Object java.lang.invoke.DirectMethodHandle$Holder.newInvokeSpecial(java.lang.Object, java.lang.Object, java.lang.Object, java.lang.Object, java.lang.Object, java.lang.Object, int)'> (0x000000009118abe0) 
thrown [c:\wsjdk\corretto17src\installers\windows\zip\corretto-build\buildroot\src\hotspot\share\interpreter\linkResolver.cpp, line 766]
Event: 3.741 Thread 0x000002227bda1f00 Exception <a 'java/lang/NoSuchMethodError'{0x000000009118fc20}: 'java.lang.Object java.lang.invoke.DirectMethodHandle$Holder.invokeSpecial(java.lang.Object, java.lang.Object, java.lang.Object, java.lang.Object, java.lang.Object, java.lang.Object, java.lang.Object, int)'> (0x000000009118fc20) 
thrown [c:\wsjdk\corretto17src\installers\windows\zip\corretto-build\buildroot\src\hotspot\share\interpreter\linkResolver.cpp, line 766]

VM Operations (18 events):
Event: 0.698 Executing VM operation: HandshakeAllThreads
Event: 0.698 Executing VM operation: HandshakeAllThreads done
Event: 1.274 Executing VM operation: HandshakeAllThreads
Event: 1.274 Executing VM operation: HandshakeAllThreads done
Event: 1.597 Executing VM operation: HandshakeAllThreads
Event: 1.597 Executing VM operation: HandshakeAllThreads done
Event: 1.597 Executing VM operation: Cleanup
Event: 1.597 Executing VM operation: Cleanup done
Event: 1.908 Executing VM operation: HandshakeAllThreads
Event: 1.908 Executing VM operation: HandshakeAllThreads done
Event: 1.925 Executing VM operation: HandshakeAllThreads
Event: 1.925 Executing VM operation: HandshakeAllThreads done
Event: 2.634 Executing VM operation: G1CollectForAllocation
Event: 2.643 Executing VM operation: G1CollectForAllocation done
Event: 2.998 Executing VM operation: HandshakeAllThreads
Event: 2.998 Executing VM operation: HandshakeAllThreads done
Event: 3.611 Executing VM operation: G1CollectForAllocation
Event: 3.615 Executing VM operation: G1CollectForAllocation done

Events (20 events):
Event: 3.692 loading class java/util/function/UnaryOperator
Event: 3.692 loading class java/util/function/UnaryOperator done
Event: 3.696 loading class java/lang/ProcessEnvironment$CheckedKeySet
Event: 3.696 loading class java/lang/ProcessEnvironment$CheckedKeySet done
Event: 3.697 loading class java/util/stream/MatchOps$2MatchSink
Event: 3.697 loading class java/util/stream/MatchOps$2MatchSink done
Event: 3.709 loading class java/beans/PropertyEditorSupport
Event: 3.709 loading class java/beans/PropertyEditor
Event: 3.709 loading class java/beans/PropertyEditor done
Event: 3.710 loading class java/beans/PropertyEditorSupport done
Event: 3.732 loading class java/util/regex/Pattern$Neg
Event: 3.733 loading class java/util/regex/Pattern$Neg done
Event: 3.738 loading class java/util/stream/StreamSpliterators$WrappingSpliterator
Event: 3.738 loading class java/util/stream/StreamSpliterators$AbstractWrappingSpliterator
Event: 3.739 loading class java/util/stream/StreamSpliterators$AbstractWrappingSpliterator done
Event: 3.739 loading class java/util/stream/StreamSpliterators$WrappingSpliterator done
Event: 3.739 loading class java/util/stream/StreamSpliterators
Event: 3.739 loading class java/util/stream/StreamSpliterators done
Event: 3.739 loading class java/util/function/BooleanSupplier
Event: 3.740 loading class java/util/function/BooleanSupplier done


Dynamic libraries:
0x00007ff72e900000 - 0x00007ff72e90d000 	C:\Users\joe24\.jdks\corretto-17.0.3\bin\java.exe
0x00007ff92eb40000 - 0x00007ff92ed49000 	C:\WINDOWS\SYSTEM32\ntdll.dll
0x00007ff92e3b0000 - 0x00007ff92e46d000 	C:\WINDOWS\System32\KERNEL32.DLL
0x00007ff92c660000 - 0x00007ff92c9d9000 	C:\WINDOWS\System32\KERNELBASE.dll
0x00007ff92c3e0000 - 0x00007ff92c4f1000 	C:\WINDOWS\System32\ucrtbase.dll
0x00007ff91efc0000 - 0x00007ff91efd5000 	C:\Users\joe24\.jdks\corretto-17.0.3\bin\VCRUNTIME140.dll
0x00007ff91f040000 - 0x00007ff91f058000 	C:\Users\joe24\.jdks\corretto-17.0.3\bin\jli.dll
0x00007ff92db80000 - 0x00007ff92dd2c000 	C:\WINDOWS\System32\USER32.dll
0x00007ff92c030000 - 0x00007ff92c056000 	C:\WINDOWS\System32\win32u.dll
0x00007ff92d5d0000 - 0x00007ff92d5f9000 	C:\WINDOWS\System32\GDI32.dll
0x00007ff92c060000 - 0x00007ff92c172000 	C:\WINDOWS\System32\gdi32full.dll
0x00007ff92c5c0000 - 0x00007ff92c65d000 	C:\WINDOWS\System32\msvcp_win.dll
0x00007ff91d550000 - 0x00007ff91d7f5000 	C:\WINDOWS\WinSxS\amd64_microsoft.windows.common-controls_6595b64144ccf1df_6.0.22000.120_none_9d947278b86cc467\COMCTL32.dll
0x00007ff92d830000 - 0x00007ff92d8d3000 	C:\WINDOWS\System32\msvcrt.dll
0x00007ff92db30000 - 0x00007ff92db61000 	C:\WINDOWS\System32\IMM32.DLL
0x00007ff8fb520000 - 0x00007ff8fb5bb000 	C:\Users\joe24\.jdks\corretto-17.0.3\bin\msvcp140.dll
0x00007ff8e0680000 - 0x00007ff8e129b000 	C:\Users\joe24\.jdks\corretto-17.0.3\bin\server\jvm.dll
0x00007ff92e7c0000 - 0x00007ff92e86e000 	C:\WINDOWS\System32\ADVAPI32.dll
0x00007ff92e610000 - 0x00007ff92e6ae000 	C:\WINDOWS\System32\sechost.dll
0x00007ff92dd30000 - 0x00007ff92de50000 	C:\WINDOWS\System32\RPCRT4.dll
0x00007ff92d600000 - 0x00007ff92d608000 	C:\WINDOWS\System32\PSAPI.DLL
0x00007ff9272e0000 - 0x00007ff927313000 	C:\WINDOWS\SYSTEM32\WINMM.dll
0x00007ff927e90000 - 0x00007ff927e99000 	C:\WINDOWS\SYSTEM32\WSOCK32.dll
0x00007ff9236e0000 - 0x00007ff9236ea000 	C:\WINDOWS\SYSTEM32\VERSION.dll
0x00007ff92d670000 - 0x00007ff92d6df000 	C:\WINDOWS\System32\WS2_32.dll
0x00007ff92b130000 - 0x00007ff92b148000 	C:\WINDOWS\SYSTEM32\kernel.appcore.dll
0x00007ff928db0000 - 0x00007ff928dba000 	C:\Users\joe24\.jdks\corretto-17.0.3\bin\jimage.dll
0x00007ff929a10000 - 0x00007ff929c31000 	C:\WINDOWS\SYSTEM32\DBGHELP.DLL
0x00007ff9229b0000 - 0x00007ff9229e1000 	C:\WINDOWS\SYSTEM32\dbgcore.DLL
0x00007ff92c360000 - 0x00007ff92c3df000 	C:\WINDOWS\System32\bcryptPrimitives.dll
0x00007ff915a10000 - 0x00007ff915a1e000 	C:\Users\joe24\.jdks\corretto-17.0.3\bin\instrument.dll
0x00007ff915bd0000 - 0x00007ff915bf5000 	C:\Users\joe24\.jdks\corretto-17.0.3\bin\java.dll
0x00007ff8f9d40000 - 0x00007ff8f9e16000 	C:\Users\joe24\.jdks\corretto-17.0.3\bin\jsvml.dll
0x00007ff92ce10000 - 0x00007ff92d5bf000 	C:\WINDOWS\System32\SHELL32.dll
0x00007ff92a010000 - 0x00007ff92a878000 	C:\WINDOWS\SYSTEM32\windows.storage.dll
0x00007ff92c9e0000 - 0x00007ff92cd58000 	C:\WINDOWS\System32\combase.dll
0x00007ff929ea0000 - 0x00007ff92a006000 	C:\WINDOWS\SYSTEM32\wintypes.dll
0x00007ff92d6e0000 - 0x00007ff92d7ca000 	C:\WINDOWS\System32\SHCORE.dll
0x00007ff92d610000 - 0x00007ff92d66d000 	C:\WINDOWS\System32\shlwapi.dll
0x00007ff92bf60000 - 0x00007ff92bf81000 	C:\WINDOWS\SYSTEM32\profapi.dll
0x00007ff913fa0000 - 0x00007ff913fb8000 	C:\Users\joe24\.jdks\corretto-17.0.3\bin\zip.dll
0x00007ff9183d0000 - 0x00007ff9183e9000 	C:\Users\joe24\.jdks\corretto-17.0.3\bin\net.dll
0x00007ff927a70000 - 0x00007ff927b7c000 	C:\WINDOWS\SYSTEM32\WINHTTP.dll
0x00007ff92b560000 - 0x00007ff92b5c7000 	C:\WINDOWS\system32\mswsock.dll
0x00007ff915980000 - 0x00007ff915995000 	C:\Users\joe24\.jdks\corretto-17.0.3\bin\nio.dll
0x00007ff913f80000 - 0x00007ff913f9a000 	C:\Program Files\JetBrains\IntelliJ IDEA 2022.1\bin\breakgen64.dll
0x00007ff92aca0000 - 0x00007ff92ad88000 	C:\WINDOWS\SYSTEM32\DNSAPI.dll
0x00007ff92ac70000 - 0x00007ff92ac9d000 	C:\WINDOWS\SYSTEM32\IPHLPAPI.DLL
0x00007ff92d8e0000 - 0x00007ff92d8e9000 	C:\WINDOWS\System32\NSI.dll
0x00007ff920d50000 - 0x00007ff920d5a000 	C:\Windows\System32\rasadhlp.dll
0x00007ff924af0000 - 0x00007ff924b71000 	C:\WINDOWS\System32\fwpuclnt.dll
0x00007ff9219a0000 - 0x00007ff9219a9000 	C:\Users\joe24\.jdks\corretto-17.0.3\bin\management.dll
0x00007ff915bc0000 - 0x00007ff915bcb000 	C:\Users\joe24\.jdks\corretto-17.0.3\bin\management_ext.dll
0x00007ff92b810000 - 0x00007ff92b828000 	C:\WINDOWS\SYSTEM32\CRYPTSP.dll
0x00007ff92b090000 - 0x00007ff92b0c5000 	C:\WINDOWS\system32\rsaenh.dll
0x00007ff92b6c0000 - 0x00007ff92b6e9000 	C:\WINDOWS\SYSTEM32\USERENV.dll
0x00007ff92b990000 - 0x00007ff92b9b7000 	C:\WINDOWS\SYSTEM32\bcrypt.dll
0x00007ff92b830000 - 0x00007ff92b83c000 	C:\WINDOWS\SYSTEM32\CRYPTBASE.dll
0x00007ff927660000 - 0x00007ff927679000 	C:\WINDOWS\SYSTEM32\dhcpcsvc6.DLL
0x00007ff928070000 - 0x00007ff92808e000 	C:\WINDOWS\SYSTEM32\dhcpcsvc.DLL
0x00007ff90da50000 - 0x00007ff90da67000 	C:\WINDOWS\system32\napinsp.dll
0x00007ff8fa000000 - 0x00007ff8fa01b000 	C:\WINDOWS\system32\pnrpnsp.dll
0x00007ff8f9fe0000 - 0x00007ff8f9ff2000 	C:\WINDOWS\System32\winrnr.dll
0x00007ff924990000 - 0x00007ff9249a5000 	C:\WINDOWS\system32\wshbth.dll
0x00007ff8fa1a0000 - 0x00007ff8fa1bf000 	C:\WINDOWS\system32\nlansp_c.dll

dbghelp: loaded successfully - version: 4.0.5 - missing functions: none
symbol engine: initialized successfully - sym options: 0x614 - pdb path: .;C:\Users\joe24\.jdks\corretto-17.0.3\bin;C:\WINDOWS\SYSTEM32;C:\WINDOWS\WinSxS\amd64_microsoft.windows.common-controls_6595b64144ccf1df_6.0.22000.120_none_9d947278b86cc467;C:\Users\joe24\.jdks\corretto-17.0.3\bin\server;C:\Program Files\JetBrains\IntelliJ IDEA 2022.1\bin

VM Arguments:
jvm_args: -XX:TieredStopAtLevel=1 -Xverify:none -Dspring.output.ansi.enabled=always -Dcom.sun.management.jmxremote -Dspring.jmx.enabled=true -Dspring.liveBeansView.mbeanDomain -Dspring.application.admin.enabled=true -javaagent:C:\Program Files\JetBrains\IntelliJ IDEA 2022.1\lib\idea_rt.jar=56388:C:\Program Files\JetBrains\IntelliJ IDEA 2022.1\bin -Dfile.encoding=UTF-8 
java_command: com.cloud.web.WebApplication
java_class_path (initial): C:\0522\build\classes\java\main;C:\0522\build\resources\main;C:\Users\joe24\.gradle\caches\modules-2\files-2.1\org.projectlombok\lombok\1.18.24\13a394eed5c4f9efb2a6d956e2086f1d81e857d9\lombok-1.18.24.jar;C:\Users\joe24\.gradle\caches\modules-2\files-2.1\com.querydsl\querydsl-apt\5.0.0\fa5554c395bdcbe9846242824857a82874ad3223\querydsl-apt-5.0.0.jar;C:\Users\joe24\.gradle\caches\modules-2\files-2.1\org.springframework.boot\spring-boot-starter-data-jpa\2.6.7\c67c8556deb506677da64cac10c6e4edcff41847\spring-boot-starter-data-jpa-2.6.7.jar;C:\Users\joe24\.gradle\caches\modules-2\files-2.1\org.springframework.boot\spring-boot-starter-thymeleaf\2.6.7\d09d0e06d2ac1d0b7eed3da9cc459ab4fa5b50c\spring-boot-starter-thymeleaf-2.6.7.jar;C:\Users\joe24\.gradle\caches\modules-2\files-2.1\org.springframework.boot\spring-boot-starter-web\2.6.7\d877d6b14397f0c4b3a1611149a37eaf47f32195\spring-boot-starter-web-2.6.7.jar;C:\Users\joe24\.gradle\caches\modules-2\files-2.1\org.springframework.boot\spring-boot-devtools\2.6.7\165072232fe9adeb7d5a730f01587e17a36d971e\spring-boot-devtools-2.6.7.jar;C:\Users\joe24\.gradle\caches\modules-2\files-2.1\org.springframework.boot\spring-boot-starter-log4j2\2.6.7\c11cb71e3b2734c90d52e4c9bb165fc7149d6feb\spring-boot-starter-log4j2-2.6.7.jar;C:\Users\joe24\.gradle\caches\modules-2\files-2.1\org.springframework.boot\spring-boot-starter-security\2.6.7\6a37eec49a7098f87cea63ec9fbc6c5a654ac622\spring-boot-starter-security-2.6.7.jar;C:\Users\joe24\.gradle\caches\modules-2\files-2.1\org.thymeleaf.extras\thymeleaf-extras-springsecurity5\3.0.4.RELEASE\88bb10bf73ce285208dd848e8eb17f897ebb02d4\thymeleaf-extras-springsecurity5-3.0.4.RELEASE.jar;C:\Users\joe24\.gradle\caches\modules-2\files-2.1\com.querydsl\querydsl-jpa\5.0.0\2d66608cb2cbcde56290e49f2918960cc17fcb09\querydsl-jpa-5.0.0.jar;C:\Users\joe24\.gradle\caches\modules-2\files-2.1\com.querydsl\querydsl-codegen\5.0.0\d690e92300f528e4161307b286f76aeaf348e2fb\querydsl-codegen-5.0.0.jar;
Launcher Type: SUN_STANDARD

[Global flags]
     intx CICompilerCount                          = 3                                         {product} {ergonomic}
     uint ConcGCThreads                            = 2                                         {product} {ergonomic}
     uint G1ConcRefinementThreads                  = 6                                         {product} {ergonomic}
   size_t G1HeapRegionSize                         = 1048576                                   {product} {ergonomic}
    uintx GCDrainStackTargetSize                   = 64                                        {product} {ergonomic}
   size_t InitialHeapSize                          = 123731968                                 {product} {ergonomic}
     bool ManagementServer                         = true                                      {product} {command line}
   size_t MarkStackSize                            = 4194304                                   {product} {ergonomic}
   size_t MaxHeapSize                              = 1979711488                                {product} {ergonomic}
   size_t MaxNewSize                               = 1186988032                                {product} {ergonomic}
   size_t MinHeapDeltaBytes                        = 1048576                                   {product} {ergonomic}
   size_t MinHeapSize                              = 8388608                                   {product} {ergonomic}
    uintx NonProfiledCodeHeapSize                  = 0                                      {pd product} {ergonomic}
     bool ProfileInterpreter                       = false                                  {pd product} {command line}
    uintx ProfiledCodeHeapSize                     = 0                                      {pd product} {ergonomic}
   size_t SoftMaxHeapSize                          = 1979711488                             {manageable} {ergonomic}
     intx TieredStopAtLevel                        = 1                                         {product} {command line}
     bool UseCompressedClassPointers               = true                           {product lp64_product} {ergonomic}
     bool UseCompressedOops                        = true                           {product lp64_product} {ergonomic}
     bool UseG1GC                                  = true                                      {product} {ergonomic}
     bool UseLargePagesIndividualAllocation        = false                                  {pd product} {ergonomic}

Logging:
Log output configuration:
 #0: stdout all=warning uptime,level,tags
 #1: stderr all=off uptime,level,tags

Environment Variables:
PATH=C:\Program Files\Zulu\zulu-11\bin\;C:\WINDOWS\system32;C:\WINDOWS;C:\WINDOWS\System32\Wbem;C:\WINDOWS\System32\WindowsPowerShell\v1.0\;C:\WINDOWS\System32\OpenSSH\;C:\proc_sdk;C:\Program Files\Fuse X\;C:\Program Files\Git\cmd;C:\Program Files\PuTTY\;C:\Program Files\Java\jdk-17.0.2\bin;C:\tomcat\apache-tomcat-9.0.62\bin;C:\Users\joe24\AppData\Local\Microsoft\WindowsApps;C:\Users\joe24\AppData\Local\Programs\Microsoft VS Code\bin;C:\Program Files\JetBrains\IntelliJ IDEA 2022.1\bin;;C:\Program Files\Java\jdk-17.0.2\bin;C:\tomcat\apache-tomcat-9.0.62\bin;
USERNAME=joe24
OS=Windows_NT
PROCESSOR_IDENTIFIER=AMD64 Family 23 Model 96 Stepping 1, AuthenticAMD



---------------  S Y S T E M  ---------------

OS:
 Windows 11 , 64 bit Build 22000 (10.0.22000.675)
OS uptime: 5 days 19:15 hours
Hyper-V role detected

CPU: total 6 (initial active 6) (6 cores per cpu, 1 threads per core) family 23 model 96 stepping 1 microcode 0x0, cx8, cmov, fxsr, mmx, 3dnowpref, sse, sse2, sse3, ssse3, sse4a, sse4.1, sse4.2, popcnt, lzcnt, tsc, tscinvbit, avx, avx2, aes, clmul, bmi1, bmi2, adx, sha, fma, vzeroupper, clflush, clflushopt, hv

Memory: 4k page, system-wide physical 7547M (27M free)
TotalPageFile size 31099M (AvailPageFile size 0M)
current process WorkingSet (physical memory assigned to process): 91M, peak: 91M
current process commit charge ("private bytes"): 215M, peak: 215M

vm_info: OpenJDK 64-Bit Server VM (17.0.3+6-LTS) for windows-amd64 JRE (17.0.3+6-LTS), built on Apr 15 2022 22:16:02 by "Administrator" with MS VC++ 15.9 (VS2017)

END.
